Determining if the pthread_create exist failed with the following output:
Change Dir: /home/fanai/ycm_build/CMakeFiles/CMakeTmp

Run Build Command:"/usr/bin/make" "cmTryCompileExec183764831/fast"
/usr/bin/make -f CMakeFiles/cmTryCompileExec183764831.dir/build.make CMakeFiles/cmTryCompileExec183764831.dir/build
make[1]: Entering directory '/home/fanai/ycm_build/CMakeFiles/CMakeTmp'
/usr/bin/cmake -E cmake_progress_report /home/fanai/ycm_build/CMakeFiles/CMakeTmp/CMakeFiles 1
Building C object CMakeFiles/cmTryCompileExec183764831.dir/CheckSymbolExists.c.o
/usr/bin/cc    -o CMakeFiles/cmTryCompileExec183764831.dir/CheckSymbolExists.c.o   -c /home/fanai/ycm_build/CMakeFiles/CMakeTmp/CheckSymbolExists.c
Linking C executable cmTryCompileExec183764831
/usr/bin/cmake -E cmake_link_script CMakeFiles/cmTryCompileExec183764831.dir/link.txt --verbose=1
/usr/bin/cc       CMakeFiles/cmTryCompileExec183764831.dir/CheckSymbolExists.c.o  -o cmTryCompileExec183764831 -rdynamic 
CMakeFiles/cmTryCompileExec183764831.dir/CheckSymbolExists.c.o：在函数‘main’中：
CheckSymbolExists.c:(.text+0xa)：对‘pthread_create’未定义的引用
collect2: error: ld returned 1 exit status
CMakeFiles/cmTryCompileExec183764831.dir/build.make:88: recipe for target 'cmTryCompileExec183764831' failed
make[1]: Leaving directory '/home/fanai/ycm_build/CMakeFiles/CMakeTmp'
Makefile:118: recipe for target 'cmTryCompileExec183764831/fast' failed
make[1]: *** [cmTryCompileExec183764831] Error 1
make: *** [cmTryCompileExec183764831/fast] Error 2

File /home/fanai/ycm_build/CMakeFiles/CMakeTmp/CheckSymbolExists.c:
/* */
#include <pthread.h>

int main(int argc, char** argv)
{
  (void)argv;
#ifndef pthread_create
  return ((int*)(&pthread_create))[argc];
#else
  (void)argc;
  return 0;
#endif
}

Determining if the function pthread_create exists in the pthreads failed with the following output:
Change Dir: /home/fanai/ycm_build/CMakeFiles/CMakeTmp

Run Build Command:"/usr/bin/make" "cmTryCompileExec2335138387/fast"
/usr/bin/make -f CMakeFiles/cmTryCompileExec2335138387.dir/build.make CMakeFiles/cmTryCompileExec2335138387.dir/build
make[1]: Entering directory '/home/fanai/ycm_build/CMakeFiles/CMakeTmp'
/usr/bin/cmake -E cmake_progress_report /home/fanai/ycm_build/CMakeFiles/CMakeTmp/CMakeFiles 1
Building C object CMakeFiles/cmTryCompileExec2335138387.dir/CheckFunctionExists.c.o
/usr/bin/cc   -DCHECK_FUNCTION_EXISTS=pthread_create   -o CMakeFiles/cmTryCompileExec2335138387.dir/CheckFunctionExists.c.o   -c /usr/share/cmake-3.0/Modules/CheckFunctionExists.c
Linking C executable cmTryCompileExec2335138387
/usr/bin/cmake -E cmake_link_script CMakeFiles/cmTryCompileExec2335138387.dir/link.txt --verbose=1
/usr/bin/cc   -DCHECK_FUNCTION_EXISTS=pthread_create    CMakeFiles/cmTryCompileExec2335138387.dir/CheckFunctionExists.c.o  -o cmTryCompileExec2335138387 -rdynamic -lpthreads 
/usr/bin/ld: cannot find -lpthreads
collect2: error: ld returned 1 exit status
CMakeFiles/cmTryCompileExec2335138387.dir/build.make:88: recipe for target 'cmTryCompileExec2335138387' failed
make[1]: Leaving directory '/home/fanai/ycm_build/CMakeFiles/CMakeTmp'
Makefile:118: recipe for target 'cmTryCompileExec2335138387/fast' failed
make[1]: *** [cmTryCompileExec2335138387] Error 1
make: *** [cmTryCompileExec2335138387/fast] Error 2


